9
1 X O O O O 8 X X 
O O O 7 O O 7 O 4 
O O O 9 6 O 9 X O 
5 O 5 O O O O O X 
O O O O O 7 O 4 O 
7 O O O X O O X 4 
6 4 O O O O 5 O O 
6 O O 6 O O 6 7 O 
O 4 O 3 O O O O O 


1 X O O O O 8 X X 
O O O 7 X O 7 O 4 
O O O 9 6 O 9 X O 
5 O 5 O O O O O X 
O O O O O 7 O 4 O 
7 O O O X O O X 4 
6 4 O O O O 5 O O 
6 O O 6 O O 6 7 O 
O 4 O 3 O O O O O 


1 X O O O O 8 X X 
O O O 7 X O 7 O 4 
O O O 9 6 O 9 X O 
5 O 5 O O O O O X 
O O O O O 7 O 4 O 
7 O O O X O X X 4 
6 4 O O O O 5 O O 
6 O O 6 O O 6 7 O 
O 4 O 3 O O O O O 


1 X O O O O 8 X X 
O O O 7 X O 7 O 4 
X O O 9 6 O 9 X O 
5 O 5 O O O O O X 
O O O O O 7 O 4 O 
7 O O O X O X X 4 
6 4 O O O O 5 O O 
6 O O 6 O O 6 7 O 
O 4 O 3 O O O O O 


1 X O O O O 8 X X 
O O O 7 X O 7 O 4 
X O O 9 6 O 9 X O 
5 O 5 O O O O O X 
O O O O O 7 O 4 O 
7 O O X X O X X 4 
6 4 O O O O 5 O O 
6 O O 6 O O 6 7 O 
O 4 O 3 O O O O O 


1 X O O O O 8 X X 
O O O 7 X O 7 O 4 
X O O 9 6 O 9 X O 
5 O 5 O O O O O X 
O O O O X 7 O 4 O 
7 O O X X O X X 4 
6 4 O O O O 5 O O 
6 O O 6 O O 6 7 O 
O 4 O 3 O O O O O 


1 X O O O O 8 X X 
O O O 7 X O 7 O 4 
X O O 9 6 O 9 X O 
5 O 5 O O O O O X 
O O O O X 7 O 4 O 
7 O O X X O X X 4 
6 4 O O O O 5 O O 
6 O X 6 O O 6 7 O 
O 4 O 3 O O O O O 


1 X O O O O 8 X X 
O O O 7 X O 7 O 4 
X O O 9 6 O 9 X O 
5 O 5 O O O O O X 
O O O O X 7 O 4 O 
7 O O X X O X X 4 
6 4 O X O O 5 O O 
6 O X 6 O O 6 7 O 
O 4 O 3 O O O O O 


1 X O O O O 8 X X 
O O O 7 X O 7 O 4 
X O O 9 6 O 9 X O 
5 O 5 O O O O O X 
O O O O X 7 O 4 O 
7 O O X X O X X 4 
6 4 O X O O 5 O O 
6 O X 6 O O 6 7 O 
O 4 O 3 O O X O O 


1 X O O O O 8 X X 
O O O 7 X O 7 O 4 
X O O 9 6 O 9 X O 
5 O 5 O O X O O X 
O O O O X 7 O 4 O 
7 O O X X O X X 4 
6 4 O X O O 5 O O 
6 O X 6 O O 6 7 O 
O 4 O 3 O O X O O 


1 X O O O O 8 X X 
O O O 7 X O 7 O 4 
X O O 9 6 O 9 X O 
5 O 5 O O X O O X 
O O O O X 7 O 4 O 
7 O O X X O X X 4 
6 4 O X O O 5 O O 
6 O X 6 O O 6 7 O 
O 4 X 3 O O X O O 


1 X O O O O 8 X X 
O O O 7 X O 7 O 4 
X O O 9 6 O 9 X O 
5 O 5 O O X O O X 
O X O O X 7 O 4 O 
7 O O X X O X X 4 
6 4 O X O O 5 O O 
6 O X 6 O O 6 7 O 
O 4 X 3 O O X O O 


1 X O O O O 8 X X 
O O O 7 X O 7 O 4 
X O O 9 6 O 9 X O 
5 O 5 O O X O O X 
O X O O X 7 O 4 O 
7 O O X X O X X 4 
6 4 X X O O 5 O O 
6 O X 6 O O 6 7 O 
O 4 X 3 O O X O O 


1 X O O O O 8 X X 
O O O 7 X O 7 O 4 
X O O 9 6 O 9 X O 
5 X 5 O O X O O X 
O X O O X 7 O 4 O 
7 O O X X O X X 4 
6 4 X X O O 5 O O 
6 O X 6 O O 6 7 O 
O 4 X 3 O O X O O 


1 X O O O O 8 X X 
O O O 7 X O 7 O 4 
X O O 9 6 O 9 X O 
5 X 5 O O X O O X 
O X X O X 7 O 4 O 
7 O O X X O X X 4 
6 4 X X O O 5 O O 
6 O X 6 O O 6 7 O 
O 4 X 3 O O X O O